[likecoin] 2022-08-14 06:30:34,204 - ERROR - name 'Transaction' is not defined
[likecoin] 2022-08-14 06:31:44,668 - ERROR - 
[likecoin] 2022-08-14 06:33:38,639 - ERROR - 'SubmittedTx' object has no attribute 'hash'
[likecoin] 2022-08-14 06:34:13,737 - ERROR - 'SubmittedTx' object has no attribute 'hash'
[likecoin] 2022-08-14 06:34:48,718 - ERROR - 
[likecoin] 2022-08-14 06:37:34,264 - ERROR - 
[likecoin] 2022-08-14 06:39:05,468 - ERROR - 'str' object is not callable
[likecoin] 2022-08-14 06:40:06,430 - ERROR - 
[likecoin] 2022-08-14 06:42:12,132 - INFO - ekil send: txid: 0A0E78F5AB5902A5F36CA5CB739A998F9E85B4EB81CE49F32594BED1C1A7B465
[likecoin] 2022-08-14 06:42:12,132 - INFO - ekil send: recipient: like1teqq9gt4sczfyng3rly5cds4tfew28gauuxp3z
[likecoin] 2022-08-14 06:42:12,132 - INFO - ekil send: amount: 10000000000
[likecoin] 2022-08-14 06:42:12,133 - INFO - ekil send: fee: 500000000
[likecoin] 2022-08-14 06:59:13,168 - INFO - hello world
[likecoin] 2022-08-14 06:59:13,169 - WARNING - hello world
[likecoin] 2022-08-14 06:59:13,169 - ERROR - hello world
[likecoin] 2022-08-14 06:59:13,169 - CRITICAL - hello world
[likecoin] 2022-08-14 06:59:13,169 - DEBUG - hello world
[likecoin] 2022-08-14 07:51:25,831 - ERROR - add_tx_evm_to_like() missing 1 required positional argument: 'evm_address'
[likecoin] 2022-08-14 07:52:25,933 - ERROR - 
[likecoin] 2022-08-14 07:53:27,186 - ERROR - name 'update_tx_status_evm_to_like' is not defined
[likecoin] 2022-08-14 07:54:18,941 - INFO - ekil send: txid: F12D243E228BC52DE3FBD5BFEDD5AAA45CED48A1140AD3D9E162C7FC0508999C
[likecoin] 2022-08-14 07:54:18,941 - INFO - ekil send: recipient: like1teqq9gt4sczfyng3rly5cds4tfew28gauuxp3z
[likecoin] 2022-08-14 07:54:18,941 - INFO - ekil send: amount: 10000000000
[likecoin] 2022-08-14 07:54:18,942 - INFO - ekil send: fee: 500000000
[likecoin] 2022-08-14 08:43:18,974 - ERROR - local variable 'tx_hash' referenced before assignment
[likecoin] 2022-08-14 08:43:19,151 - ERROR - Error when sending a POST request.
 Request: {'tx': {'body': {'messages': [OrderedDict([('@type', '/cosmos.bank.v1beta1.MsgSend'), ('fromAddress', 'like1ehy54c765lfyqrpurrtdsssks30gsjx9txzh2x'), ('toAddress', 'like1teqq9gt4sczfyng3rly5cds4tfew28gauuxp3z'), ('amount', [{'denom': 'nanoekil', 'amount': '10000000000'}])]), OrderedDict([('@type', '/cosmos.bank.v1beta1.MsgSend'), ('fromAddress', 'like1ehy54c765lfyqrpurrtdsssks30gsjx9txzh2x'), ('toAddress', 'like1ehy54c765lfyqrpurrtdsssks30gsjx9txzh2x'), ('amount', [{'denom': 'nanoekil', 'amount': '500000000'}])])], 'memo': '0x1d47b5e1f79de6addea25998d0854b0314bd6f2e8f9b97630b6558f24937014d'}, 'authInfo': {'signerInfos': [{'publicKey': OrderedDict([('@type', '/cosmos.crypto.secp256k1.PubKey'), ('key', 'Asdtsqdu4Vuj26UTKQf5xVIc9aN4ROXPI3zyBRbdN/Vh')]), 'modeInfo': {'single': {'mode': 'SIGN_MODE_DIRECT'}}, 'sequence': '51'}], 'fee': {}}, 'signatures': ['HUh/Mi7gQglTgBowQ//+Kp8OHruQ9FpDFKonI/0R5cpQDaUN0UzqjuKrF07fVsha2umAzFvh6FY9dTevFtHX9w==']}}
 Response: 400, b'{\n  "code": 3,\n  "message": "account sequence mismatch, expected 52, got 51: incorrect account sequence: invalid request",\n  "details": [\n  ]\n}')
[likecoin] 2022-08-14 08:44:09,674 - ERROR - Error when sending a POST request.
 Request: {'tx': {'body': {'messages': [OrderedDict([('@type', '/cosmos.bank.v1beta1.MsgSend'), ('fromAddress', 'like1ehy54c765lfyqrpurrtdsssks30gsjx9txzh2x'), ('toAddress', 'like1teqq9gt4sczfyng3rly5cds4tfew28gauuxp3z'), ('amount', [{'denom': 'nanoekil', 'amount': '10000000000'}])]), OrderedDict([('@type', '/cosmos.bank.v1beta1.MsgSend'), ('fromAddress', 'like1ehy54c765lfyqrpurrtdsssks30gsjx9txzh2x'), ('toAddress', 'like1ehy54c765lfyqrpurrtdsssks30gsjx9txzh2x'), ('amount', [{'denom': 'nanoekil', 'amount': '500000000'}])])], 'memo': '0x1d47b5e1f79de6addea25998d0854b0314bd6f2e8f9b97630b6558f24937014d'}, 'authInfo': {'signerInfos': [{'publicKey': OrderedDict([('@type', '/cosmos.crypto.secp256k1.PubKey'), ('key', 'Asdtsqdu4Vuj26UTKQf5xVIc9aN4ROXPI3zyBRbdN/Vh')]), 'modeInfo': {'single': {'mode': 'SIGN_MODE_DIRECT'}}, 'sequence': '52'}], 'fee': {}}, 'signatures': ['FhxC1t170kVG1y1N6y+dEnUne2i/JyPwLJN4avY30rYLxha42H+KKantEFh0cNC+aW4TJ+ErV/07I8yTRvb5Ag==']}}
 Response: 400, b'{\n  "code": 3,\n  "message": "account sequence mismatch, expected 53, got 52: incorrect account sequence: invalid request",\n  "details": [\n  ]\n}')
[likecoin] 2022-08-14 08:44:24,273 - INFO - ekil send: txid: DD6DC856C709721C22ECA2738F0D6C1754C5A90163C6F44CF05ACB9D1C216528
[likecoin] 2022-08-14 08:44:24,274 - INFO - ekil send: recipient: like1teqq9gt4sczfyng3rly5cds4tfew28gauuxp3z
[likecoin] 2022-08-14 08:44:24,274 - INFO - ekil send: amount: 10000000000
[likecoin] 2022-08-14 08:44:24,275 - INFO - ekil send: fee: 500000000
[likecoin] 2022-08-14 08:45:19,580 - INFO - ekil send: txid: 87DAC271AEBD9287CCC7359BC3B87F6784A2EC97AA11CBCA796A88B8318A4EB2
[likecoin] 2022-08-14 08:45:19,581 - INFO - ekil send: recipient: like1teqq9gt4sczfyng3rly5cds4tfew28gauuxp3z
[likecoin] 2022-08-14 08:45:19,582 - INFO - ekil send: amount: 10000000000
[likecoin] 2022-08-14 08:45:19,583 - INFO - ekil send: fee: 500000000
[likecoin] 2022-08-14 09:23:10,892 - ERROR - 
